Unity Editor version:    2022.3.21f1 (bf09ca542b87)
Branch:                  2022.3/staging
Build type:              Release
Batch mode:              YES
macOS version:           Version 14.5 (Build 23F79)
Darwin version:          23.5.0
Architecture:            arm64
Running under Rosetta:   NO
Available memory:        18432 MB
Using pre-set license
Pro License: YES

COMMAND LINE ARGUMENTS:
/Applications/Unity/Hub/Editor/2022.3.21f1/Unity.app/Contents/MacOS/Unity
-adb2
-batchMode
-noUpm
-name
AssetImportWorker0
-projectPath
/Users/cedric/Documents/Unity/deuxieme_annee/TD-chap3-TD1
-logFile
Logs/AssetImportWorker0.log
-srvPort
53974
Successfully changed project path to: /Users/cedric/Documents/Unity/deuxieme_annee/TD-chap3-TD1
/Users/cedric/Documents/Unity/deuxieme_annee/TD-chap3-TD1
[UnityMemory] Configuration Parameters - Can be set up in boot.config
    "memorysetup-bucket-allocator-granularity=16"
    "memorysetup-bucket-allocator-bucket-count=8"
    "memorysetup-bucket-allocator-block-size=33554432"
    "memorysetup-bucket-allocator-block-count=8"
    "memorysetup-main-allocator-block-size=16777216"
    "memorysetup-thread-allocator-block-size=16777216"
    "memorysetup-gfx-main-allocator-block-size=16777216"
    "memorysetup-gfx-thread-allocator-block-size=16777216"
    "memorysetup-cache-allocator-block-size=4194304"
    "memorysetup-typetree-allocator-block-size=2097152"
    "memorysetup-profiler-bucket-allocator-granularity=16"
    "memorysetup-profiler-bucket-allocator-bucket-count=8"
    "memorysetup-profiler-bucket-allocator-block-size=33554432"
    "memorysetup-profiler-bucket-allocator-block-count=8"
    "memorysetup-profiler-allocator-block-size=16777216"
    "memorysetup-profiler-editor-allocator-block-size=1048576"
    "memorysetup-temp-allocator-size-main=16777216"
    "memorysetup-job-temp-allocator-block-size=2097152"
    "memorysetup-job-temp-allocator-block-size-background=1048576"
    "memorysetup-job-temp-allocator-reduction-small-platforms=262144"
    "memorysetup-allocator-temp-initial-block-size-main=262144"
    "memorysetup-allocator-temp-initial-block-size-worker=262144"
    "memorysetup-temp-allocator-size-background-worker=32768"
    "memorysetup-temp-allocator-size-job-worker=262144"
    "memorysetup-temp-allocator-size-preload-manager=33554432"
    "memorysetup-temp-allocator-size-nav-mesh-worker=65536"
    "memorysetup-temp-allocator-size-audio-worker=65536"
    "memorysetup-temp-allocator-size-cloud-worker=32768"
    "memorysetup-temp-allocator-size-gi-baking-worker=262144"
    "memorysetup-temp-allocator-size-gfx=262144"
Player connection [8531577856] Host "[IP] 192.168.219.240 [Port] 0 [Flags] 2 [Guid] 3166210478 [EditorId] 3166210478 [Version] 1048832 [Id] OSXEditor(0,MacBook-Pro-de-Cedric.local) [Debug] 1 [PackageName] OSXEditor [ProjectName] Editor" joined multi-casting on [225.0.0.222:54997]...

Player connection [8531577856] Host "[IP] 192.168.219.240 [Port] 0 [Flags] 2 [Guid] 3166210478 [EditorId] 3166210478 [Version] 1048832 [Id] OSXEditor(0,MacBook-Pro-de-Cedric.local) [Debug] 1 [PackageName] OSXEditor [ProjectName] Editor" joined alternative multi-casting on [225.0.0.222:34997]...

[Physics::Module] Initialized MultithreadedJobDispatcher with 10 workers.
Refreshing native plugins compatible for Editor in 1.64 ms, found 2 plugins.
Preloading 0 native plugins for Editor in 0.00 ms.
Initialize engine version: 2022.3.21f1 (bf09ca542b87)
[Subsystems] Discovering subsystems at path /Applications/Unity/Hub/Editor/2022.3.21f1/Unity.app/Contents/Resources/UnitySubsystems
[Subsystems] Discovering subsystems at path /Users/cedric/Documents/Unity/deuxieme_annee/TD-chap3-TD1/Assets
GfxDevice: creating device client; threaded=0; jobified=0
 preferred device: Apple M3 Pro (high power)
Metal devices available: 1
0: Apple M3 Pro (high power)
Using device Apple M3 Pro (high power)
Initializing Metal device caps: Apple M3 Pro
Initialize mono
Mono path[0] = '/Applications/Unity/Hub/Editor/2022.3.21f1/Unity.app/Contents/Managed'
Mono path[1] = '/Applications/Unity/Hub/Editor/2022.3.21f1/Unity.app/Contents/MonoBleedingEdge/lib/mono/unityjit-macos'
Mono config path = '/Applications/Unity/Hub/Editor/2022.3.21f1/Unity.app/Contents/MonoBleedingEdge/etc'
Using monoOptions --debugger-agent=transport=dt_socket,embedding=1,server=y,suspend=n,address=127.0.0.1:56557
Begin MonoManager ReloadAssembly
Registering precompiled unity dll's ...
Register platform support module: /Applications/Unity/Hub/Editor/2022.3.21f1/PlaybackEngines/WebGLSupport/UnityEditor.WebGL.Extensions.dll
Register platform support module: /Applications/Unity/Hub/Editor/2022.3.21f1/Unity.app/Contents/PlaybackEngines/MacStandaloneSupport/UnityEditor.OSXStandalone.Extensions.dll
Registered in 0.000882 seconds.
- Loaded All Assemblies, in  0.152 seconds
Native extension for OSXStandalone target not found
Native extension for WebGL target not found
Mono: successfully reloaded assembly
- Finished resetting the current domain, in  0.120 seconds
Domain Reload Profiling: 272ms
	BeginReloadAssembly (34ms)
		ExecutionOrderSort (0ms)
		DisableScriptedObjects (0ms)
		BackupInstance (0ms)
		ReleaseScriptingObjects (0ms)
		CreateAndSetChildDomain (0ms)
	RebuildCommonClasses (17ms)
	RebuildNativeTypeToScriptingClass (6ms)
	initialDomainReloadingComplete (22ms)
	LoadAllAssembliesAndSetupDomain (72ms)
		LoadAssemblies (34ms)
		RebuildTransferFunctionScriptingTraits (0ms)
		AnalyzeDomain (71ms)
			TypeCache.Refresh (70ms)
				TypeCache.ScanAssembly (64ms)
			ScanForSourceGeneratedMonoScriptInfo (0ms)
			ResolveRequiredComponents (0ms)
	FinalizeReload (120ms)
		ReleaseScriptCaches (0ms)
		RebuildScriptCaches (0ms)
		SetupLoadedEditorAssemblies (91ms)
			LogAssemblyErrors (0ms)
			InitializePlatformSupportModulesInManaged (4ms)
			SetLoadedEditorAssemblies (2ms)
			RefreshPlugins (0ms)
			BeforeProcessingInitializeOnLoad (1ms)
			ProcessInitializeOnLoadAttributes (64ms)
			ProcessInitializeOnLoadMethodAttributes (20ms)
			AfterProcessingInitializeOnLoad (0ms)
			EditorAssembliesLoaded (0ms)
		ExecutionOrderSort2 (0ms)
		AwakeInstancesAfterBackupRestoration (0ms)
========================================================================
Worker process is ready to serve import requests
Begin MonoManager ReloadAssembly
- Loaded All Assemblies, in  0.253 seconds
Refreshing native plugins compatible for Editor in 0.65 ms, found 2 plugins.
Native extension for OSXStandalone target not found
Native extension for WebGL target not found
Package Manager log level set to [2]
[Package Manager] Server::EnsureServerProcessIsRunning -- launch failed, reason: Unity was launched with the -noUpm command-line argument
[Package Manager] UpmClient::Send -- Unable to send message (not connected to UPM process).
[Package Manager] Cannot connect to Unity Package Manager local server
Mono: successfully reloaded assembly
- Finished resetting the current domain, in  0.290 seconds
Domain Reload Profiling: 543ms
	BeginReloadAssembly (56ms)
		ExecutionOrderSort (0ms)
		DisableScriptedObjects (2ms)
		BackupInstance (0ms)
		ReleaseScriptingObjects (0ms)
		CreateAndSetChildDomain (13ms)
	RebuildCommonClasses (18ms)
	RebuildNativeTypeToScriptingClass (6ms)
	initialDomainReloadingComplete (17ms)
	LoadAllAssembliesAndSetupDomain (155ms)
		LoadAssemblies (90ms)
		RebuildTransferFunctionScriptingTraits (0ms)
		AnalyzeDomain (90ms)
			TypeCache.Refresh (82ms)
				TypeCache.ScanAssembly (75ms)
			ScanForSourceGeneratedMonoScriptInfo (5ms)
			ResolveRequiredComponents (2ms)
	FinalizeReload (290ms)
		ReleaseScriptCaches (0ms)
		RebuildScriptCaches (0ms)
		SetupLoadedEditorAssemblies (216ms)
			LogAssemblyErrors (0ms)
			InitializePlatformSupportModulesInManaged (3ms)
			SetLoadedEditorAssemblies (2ms)
			RefreshPlugins (0ms)
			BeforeProcessingInitializeOnLoad (24ms)
			ProcessInitializeOnLoadAttributes (178ms)
			ProcessInitializeOnLoadMethodAttributes (8ms)
			AfterProcessingInitializeOnLoad (0ms)
			EditorAssembliesLoaded (0ms)
		ExecutionOrderSort2 (0ms)
		AwakeInstancesAfterBackupRestoration (2ms)
Launching external process: /Applications/Unity/Hub/Editor/2022.3.21f1/Unity.app/Contents/Tools/UnityShaderCompiler
Launched and connected shader compiler UnityShaderCompiler after 0.02 seconds
Refreshing native plugins compatible for Editor in 0.66 ms, found 2 plugins.
Preloading 0 native plugins for Editor in 0.00 ms.
Unloading 3092 Unused Serialized files (Serialized files now loaded: 0)
Unloading 32 unused Assets / (51.8 KB). Loaded Objects now: 3573.
Memory consumption went from 137.6 MB to 137.5 MB.
Total: 2.108708 ms (FindLiveObjects: 0.096292 ms CreateObjectMapping: 0.029000 ms MarkObjects: 1.917458 ms  DeleteObjects: 0.065541 ms)

AssetImportParameters requested are different than current active one (requested -> active):
  custom:container-demuxer-ogg: 62fdf1f143b41e24485cea50d1cbac27 -> 
  custom:video-decoder-ogg-theora: a1e56fd34408186e4bbccfd4996cb3dc -> 
  custom:CustomObjectIndexerAttribute: 9a22284fe3817be447336de3de66b15e -> 
  custom:container-demuxer-webm: 4f35f7cbe854078d1ac9338744f61a02 -> 
  custom:container-muxer-webm: aa71ff27fc2769a1b78a27578f13a17b -> 
  custom:video-decoder-webm-vp8: 9c59270c3fd7afecdb556c50c9e8de78 -> 
  custom:SearchIndexIgnoredProperties: e643bd26f0fe6173181afceb89e7c659 -> 
  custom:AudioImporter_EditorPlatform: 3918e3fc78b5a79bad01e8451be0beb8 -> 
  custom:framework-osx-AVFoundation: e770b220cccbd017edd2c1fefb359320 -> 
  custom:video-encoder-webm-vp8: eb34c28f22e8b96e1ab97ce403110664 -> 
  custom:audio-decoder-ogg-vorbis: bf7c407c2cedff20999df2af8eb42d56 -> 
  custom:audio-encoder-webm-vorbis: bf7c407c2cedff20999df2af8eb42d56 -> 
========================================================================
Received Import Request.
  Time since last request: 67852.388143 seconds.
  path: Assets/Scenes/Article/LightingTutorialStart/ReflectionProbeNightExtents.exr
  artifactKey: Guid(0de89b733b6244c099b1c312aa8933b4) Importer(815301076,1909f56bfc062723c751e8b465ee728b)
Start importing Assets/Scenes/Article/LightingTutorialStart/ReflectionProbeNightExtents.exr using Guid(0de89b733b6244c099b1c312aa8933b4) Importer(815301076,1909f56bfc062723c751e8b465ee728b)  -> (artifact id: '02373de46238538cb3c62e5adf5bd1cc') in 0.106590 seconds
Number of updated asset objects reloaded before import = 0
Number of asset objects unloaded after import = 1
========================================================================
Received Import Request.
  Time since last request: 0.000023 seconds.
  path: Assets/Scenes/Article/LightingTutorialStart
  artifactKey: Guid(25a8b576021e94454b0247f535e4d340) Importer(815301076,1909f56bfc062723c751e8b465ee728b)
Start importing Assets/Scenes/Article/LightingTutorialStart using Guid(25a8b576021e94454b0247f535e4d340) Importer(815301076,1909f56bfc062723c751e8b465ee728b)  -> (artifact id: 'a25827d4383e485f9df18be4d70258f9') in 0.000124 seconds
Number of updated asset objects reloaded before import = 0
Number of asset objects unloaded after import = 0
========================================================================
Received Import Request.
  Time since last request: 0.000081 seconds.
  path: Assets/Scenes/Article/LightingTutorialStart/LightingData.asset
  artifactKey: Guid(fab1c3baa3e488341b7d356e6940215c) Importer(815301076,1909f56bfc062723c751e8b465ee728b)
Start importing Assets/Scenes/Article/LightingTutorialStart/LightingData.asset using Guid(fab1c3baa3e488341b7d356e6940215c) Importer(815301076,1909f56bfc062723c751e8b465ee728b) Lighting data asset ‘LightingData’ is incompatible with the current Unity version because the scene it was baked for was not serialized. Please use Generate Lighting to rebuild the lighting data, or assign the target scene to the Lighting Data Asset in the inspector.
 -> (artifact id: '7a247a98d9f4906c0d0a14375c77f28c') in 0.000648 seconds
Number of updated asset objects reloaded before import = 0
Number of asset objects unloaded after import = 1
========================================================================
Received Import Request.
  Time since last request: 0.000087 seconds.
  path: Assets/Scenes/Article/LightingTutorialStart/ReflectionProbeNightMain.exr
  artifactKey: Guid(9f92ced89687c4957a460969c78c5ab0) Importer(815301076,1909f56bfc062723c751e8b465ee728b)
Start importing Assets/Scenes/Article/LightingTutorialStart/ReflectionProbeNightMain.exr using Guid(9f92ced89687c4957a460969c78c5ab0) Importer(815301076,1909f56bfc062723c751e8b465ee728b)  -> (artifact id: 'e748a1376986fdfaf035d833b044bd5f') in 0.003911 seconds
Number of updated asset objects reloaded before import = 0
Number of asset objects unloaded after import = 1
========================================================================
Received Import Request.
  Time since last request: 7.019436 seconds.
  path: Assets/Materials/Effects
  artifactKey: Guid(e30407b68dd0c4d1c8a6fe72583850e8) Importer(815301076,1909f56bfc062723c751e8b465ee728b)
Start importing Assets/Materials/Effects using Guid(e30407b68dd0c4d1c8a6fe72583850e8) Importer(815301076,1909f56bfc062723c751e8b465ee728b)  -> (artifact id: '32700618c6b372486e2b0304757a732a') in 0.000741 seconds
Number of updated asset objects reloaded before import = 0
Number of asset objects unloaded after import = 0
========================================================================
Received Import Request.
  Time since last request: 0.097141 seconds.
  path: Assets/Materials/Effects/FireParticleSheet.mat
  artifactKey: Guid(4f19b95b8b991cc49b7f64b527249669) Importer(815301076,1909f56bfc062723c751e8b465ee728b)
Start importing Assets/Materials/Effects/FireParticleSheet.mat using Guid(4f19b95b8b991cc49b7f64b527249669) Importer(815301076,1909f56bfc062723c751e8b465ee728b)  -> (artifact id: 'bde07d77f4904092e465d8339d035c5b') in 0.073139 seconds
Number of updated asset objects reloaded before import = 0
Number of asset objects unloaded after import = 2
========================================================================
Received Import Request.
  Time since last request: 2.100540 seconds.
  path: Assets/Materials/Environment
  artifactKey: Guid(bee25c63c6f1742638848f3d61f6abae) Importer(815301076,1909f56bfc062723c751e8b465ee728b)
Start importing Assets/Materials/Environment using Guid(bee25c63c6f1742638848f3d61f6abae) Importer(815301076,1909f56bfc062723c751e8b465ee728b)  -> (artifact id: 'c1d95ed1c1d5f8195a38545c1fb74e7b') in 0.000589 seconds
Number of updated asset objects reloaded before import = 0
Number of asset objects unloaded after import = 0
========================================================================
Received Import Request.
  Time since last request: 0.061935 seconds.
  path: Assets/Materials/Environment/Building01.mat
  artifactKey: Guid(6d45ceb2c47644e0f9ed999ead731689) Importer(815301076,1909f56bfc062723c751e8b465ee728b)
Start importing Assets/Materials/Environment/Building01.mat using Guid(6d45ceb2c47644e0f9ed999ead731689) Importer(815301076,1909f56bfc062723c751e8b465ee728b)  -> (artifact id: '550bb66b9d49092ba6d3cf6ec4b215f8') in 0.298581 seconds
Number of updated asset objects reloaded before import = 0
Number of asset objects unloaded after import = 8
========================================================================
Received Import Request.
  Time since last request: 0.000025 seconds.
  path: Assets/Materials/Environment/Rock03Grey.mat
  artifactKey: Guid(7d80e6e7fc26b604bbe293cfa4e98805) Importer(815301076,1909f56bfc062723c751e8b465ee728b)
Start importing Assets/Materials/Environment/Rock03Grey.mat using Guid(7d80e6e7fc26b604bbe293cfa4e98805) Importer(815301076,1909f56bfc062723c751e8b465ee728b)  -> (artifact id: 'f0e2b970453a443335b9eae1e944d328') in 0.246262 seconds
Number of updated asset objects reloaded before import = 0
Number of asset objects unloaded after import = 6
========================================================================
Received Import Request.
  Time since last request: 0.000021 seconds.
  path: Assets/Materials/Environment/Tower03.mat
  artifactKey: Guid(3f480f2ea42929f43b5e16b281215439) Importer(815301076,1909f56bfc062723c751e8b465ee728b)
Start importing Assets/Materials/Environment/Tower03.mat using Guid(3f480f2ea42929f43b5e16b281215439) Importer(815301076,1909f56bfc062723c751e8b465ee728b)  -> (artifact id: 'b89f9e135e7e44884981d6ba7b987c65') in 0.228595 seconds
Number of updated asset objects reloaded before import = 0
Number of asset objects unloaded after import = 5
========================================================================
Received Import Request.
  Time since last request: 0.000033 seconds.
  path: Assets/Materials/Environment/DragonHead.mat
  artifactKey: Guid(2c37e3a8e463b1c40a04fe35644b9ada) Importer(815301076,1909f56bfc062723c751e8b465ee728b)
Start importing Assets/Materials/Environment/DragonHead.mat using Guid(2c37e3a8e463b1c40a04fe35644b9ada) Importer(815301076,1909f56bfc062723c751e8b465ee728b)  -> (artifact id: '0b40bda113a31c8ef38affdd8f065203') in 0.171639 seconds
Number of updated asset objects reloaded before import = 0
Number of asset objects unloaded after import = 4
========================================================================
Received Import Request.
  Time since last request: 0.000067 seconds.
  path: Assets/Materials/Environment/MountainPeak.mat
  artifactKey: Guid(1c90b18ce2ab14e43af93761158b9f14) Importer(815301076,1909f56bfc062723c751e8b465ee728b)
Start importing Assets/Materials/Environment/MountainPeak.mat using Guid(1c90b18ce2ab14e43af93761158b9f14) Importer(815301076,1909f56bfc062723c751e8b465ee728b)  -> (artifact id: 'af076110469865933ce610e8af5966ba') in 0.240829 seconds
Number of updated asset objects reloaded before import = 0
Number of asset objects unloaded after import = 3
========================================================================
Received Import Request.
  Time since last request: 0.000028 seconds.
  path: Assets/Materials/Environment/Rock01Grey.mat
  artifactKey: Guid(939401ff9b0d28d49bc944a9e3feb1fd) Importer(815301076,1909f56bfc062723c751e8b465ee728b)
Start importing Assets/Materials/Environment/Rock01Grey.mat using Guid(939401ff9b0d28d49bc944a9e3feb1fd) Importer(815301076,1909f56bfc062723c751e8b465ee728b)  -> (artifact id: 'dbe8da9fbfb5ccc3e614320936df9e5d') in 0.007785 seconds
Number of updated asset objects reloaded before import = 0
Number of asset objects unloaded after import = 6
========================================================================
Received Import Request.
  Time since last request: 0.000099 seconds.
  path: Assets/Materials/Environment/Rock04Grey.mat
  artifactKey: Guid(04dd7a779e6296042b5c729511b02a8a) Importer(815301076,1909f56bfc062723c751e8b465ee728b)
Start importing Assets/Materials/Environment/Rock04Grey.mat using Guid(04dd7a779e6296042b5c729511b02a8a) Importer(815301076,1909f56bfc062723c751e8b465ee728b)  -> (artifact id: '19b96ac0232f95d3cb3287fd5547d09d') in 0.008512 seconds
Number of updated asset objects reloaded before import = 0
Number of asset objects unloaded after import = 5
========================================================================
Received Import Request.
  Time since last request: 0.000036 seconds.
  path: Assets/Materials/Environment/VillageFence.mat
  artifactKey: Guid(2489129a2086c444b81d1ae90a30fc53) Importer(815301076,1909f56bfc062723c751e8b465ee728b)
Start importing Assets/Materials/Environment/VillageFence.mat using Guid(2489129a2086c444b81d1ae90a30fc53) Importer(815301076,1909f56bfc062723c751e8b465ee728b)  -> (artifact id: '409f225996ce71b72a0cbc2c27b90b0f') in 0.184791 seconds
Number of updated asset objects reloaded before import = 0
Number of asset objects unloaded after import = 7
========================================================================
Received Import Request.
  Time since last request: 0.000028 seconds.
  path: Assets/Materials/Environment/Tower02.mat
  artifactKey: Guid(f24b44d9ef7a811488691be0ed147d21) Importer(815301076,1909f56bfc062723c751e8b465ee728b)
Start importing Assets/Materials/Environment/Tower02.mat using Guid(f24b44d9ef7a811488691be0ed147d21) Importer(815301076,1909f56bfc062723c751e8b465ee728b)  -> (artifact id: 'dab69f3669279129de78166d40da0d97') in 0.003954 seconds
Number of updated asset objects reloaded before import = 0
Number of asset objects unloaded after import = 6
========================================================================
Received Import Request.
  Time since last request: 0.000037 seconds.
  path: Assets/Materials/Environment/GateWood.mat
  artifactKey: Guid(f5cd487014e751b4f8e393b5136976b2) Importer(815301076,1909f56bfc062723c751e8b465ee728b)
Start importing Assets/Materials/Environment/GateWood.mat using Guid(f5cd487014e751b4f8e393b5136976b2) Importer(815301076,1909f56bfc062723c751e8b465ee728b)  -> (artifact id: '55fc3d59c097e0ab094f85626afa580a') in 0.006181 seconds
Number of updated asset objects reloaded before import = 0
Number of asset objects unloaded after import = 7
========================================================================
Received Import Request.
  Time since last request: 0.000029 seconds.
  path: Assets/Materials/Environment/GateMetal.mat
  artifactKey: Guid(a68e7226f3a7bf448bef2eb17891a381) Importer(815301076,1909f56bfc062723c751e8b465ee728b)
Start importing Assets/Materials/Environment/GateMetal.mat using Guid(a68e7226f3a7bf448bef2eb17891a381) Importer(815301076,1909f56bfc062723c751e8b465ee728b)  -> (artifact id: '4420db42ba1ed35ba2347309ae42ef32') in 0.004817 seconds
Number of updated asset objects reloaded before import = 0
Number of asset objects unloaded after import = 5
========================================================================
Received Import Request.
  Time since last request: 5.983822 seconds.
  path: Assets/Models/Environment
  artifactKey: Guid(53504ca6923494fb5b6a6c5ff957431f) Importer(815301076,1909f56bfc062723c751e8b465ee728b)
Start importing Assets/Models/Environment using Guid(53504ca6923494fb5b6a6c5ff957431f) Importer(815301076,1909f56bfc062723c751e8b465ee728b)  -> (artifact id: '5b8736fcb8ef1d926f7c93977e930693') in 0.000808 seconds
Number of updated asset objects reloaded before import = 0
Number of asset objects unloaded after import = 0
========================================================================
Received Import Request.
  Time since last request: 0.242800 seconds.
  path: Assets/Models/Environment/BarracksDouble01.fbx
  artifactKey: Guid(fcdfed3146ad63b4e95278d7959d5317) Importer(815301076,1909f56bfc062723c751e8b465ee728b)
Start importing Assets/Models/Environment/BarracksDouble01.fbx using Guid(fcdfed3146ad63b4e95278d7959d5317) Importer(815301076,1909f56bfc062723c751e8b465ee728b)  -> (artifact id: '3981ae350c6a9e5fc378bc4cea69ad03') in 0.292801 seconds
Number of updated asset objects reloaded before import = 0
Number of asset objects unloaded after import = 27
========================================================================
Received Import Request.
  Time since last request: 0.000028 seconds.
  path: Assets/Models/Environment/Rock02.fbx
  artifactKey: Guid(b2cad29d26691466ba49e4e03e14b313) Importer(815301076,1909f56bfc062723c751e8b465ee728b)
Start importing Assets/Models/Environment/Rock02.fbx using Guid(b2cad29d26691466ba49e4e03e14b313) Importer(815301076,1909f56bfc062723c751e8b465ee728b)  -> (artifact id: '71d42f8308b04ef0245386ae26f57bb3') in 0.015277 seconds
Number of updated asset objects reloaded before import = 0
Number of asset objects unloaded after import = 13
========================================================================
Received Import Request.
  Time since last request: 0.000059 seconds.
  path: Assets/Models/Environment/HouseSmall01.FBX
  artifactKey: Guid(1b7f2a5ef2bfc644889e208955107676) Importer(815301076,1909f56bfc062723c751e8b465ee728b)
Start importing Assets/Models/Environment/HouseSmall01.FBX using Guid(1b7f2a5ef2bfc644889e208955107676) Importer(815301076,1909f56bfc062723c751e8b465ee728b)  -> (artifact id: '97d7886aa1341b0ae20c22694eafeedb') in 0.021077 seconds
Number of updated asset objects reloaded before import = 0
Number of asset objects unloaded after import = 20
========================================================================
Received Import Request.
  Time since last request: 0.000031 seconds.
  path: Assets/Models/Environment/Tower01.FBX
  artifactKey: Guid(1eb5989802803ad45b51184df8643cbe) Importer(815301076,1909f56bfc062723c751e8b465ee728b)
Start importing Assets/Models/Environment/Tower01.FBX using Guid(1eb5989802803ad45b51184df8643cbe) Importer(815301076,1909f56bfc062723c751e8b465ee728b)  -> (artifact id: '2747048b2a0699290b016e0b514eb2bd') in 0.012968 seconds
Number of updated asset objects reloaded before import = 0
Number of asset objects unloaded after import = 25
========================================================================
Received Import Request.
  Time since last request: 0.000026 seconds.
  path: Assets/Models/Environment/Rock01.fbx
  artifactKey: Guid(652a220ca69f74f92b9878ac82e87431) Importer(815301076,1909f56bfc062723c751e8b465ee728b)
Start importing Assets/Models/Environment/Rock01.fbx using Guid(652a220ca69f74f92b9878ac82e87431) Importer(815301076,1909f56bfc062723c751e8b465ee728b)  -> (artifact id: 'cf60d99db6c96006b842b1c1ac16e31a') in 0.009599 seconds
Number of updated asset objects reloaded before import = 0
Number of asset objects unloaded after import = 13
========================================================================
Received Import Request.
  Time since last request: 0.000032 seconds.
  path: Assets/Models/Environment/HouseBig01.fbx
  artifactKey: Guid(c3296d0d1865964468574f415b0b983e) Importer(815301076,1909f56bfc062723c751e8b465ee728b)
Start importing Assets/Models/Environment/HouseBig01.fbx using Guid(c3296d0d1865964468574f415b0b983e) Importer(815301076,1909f56bfc062723c751e8b465ee728b)  -> (artifact id: 'aca83a1a6ccae74a14ecba5e3b72221e') in 0.197199 seconds
Number of updated asset objects reloaded before import = 0
Number of asset objects unloaded after import = 34
========================================================================
Received Import Request.
  Time since last request: 0.000101 seconds.
  path: Assets/Models/Environment/MountainPeak01.FBX
  artifactKey: Guid(50716aa90ba61de45af936f92c27ce53) Importer(815301076,1909f56bfc062723c751e8b465ee728b)
Start importing Assets/Models/Environment/MountainPeak01.FBX using Guid(50716aa90ba61de45af936f92c27ce53) Importer(815301076,1909f56bfc062723c751e8b465ee728b)  -> (artifact id: '6a91f5bdc968178c3713584767f90fa2') in 0.009330 seconds
Number of updated asset objects reloaded before import = 0
Number of asset objects unloaded after import = 10
========================================================================
Received Import Request.
  Time since last request: 8.924360 seconds.
  path: Assets/Scenes/SampleScene.unity
  artifactKey: Guid(dbe6b914e633142078b427e9e0ad79fe) Importer(815301076,1909f56bfc062723c751e8b465ee728b)
Start importing Assets/Scenes/SampleScene.unity using Guid(dbe6b914e633142078b427e9e0ad79fe) Importer(815301076,1909f56bfc062723c751e8b465ee728b)  -> (artifact id: '36439e89f8d5e17d81dcd37627d50d9c') in 0.000663 seconds
Number of updated asset objects reloaded before import = 0
Number of asset objects unloaded after import = 0
========================================================================
Received Import Request.
  Time since last request: 18.873597 seconds.
  path: Assets/Terrain Assets
  artifactKey: Guid(1e196313698304343b41512425dcfc67) Importer(815301076,1909f56bfc062723c751e8b465ee728b)
Start importing Assets/Terrain Assets using Guid(1e196313698304343b41512425dcfc67) Importer(815301076,1909f56bfc062723c751e8b465ee728b)  -> (artifact id: '68351bde1fa490abba6bc7da5258732e') in 0.000426 seconds
Number of updated asset objects reloaded before import = 0
Number of asset objects unloaded after import = 0
========================================================================
Received Import Request.
  Time since last request: 1.434877 seconds.
  path: Assets/Terrain Assets/Bushes
  artifactKey: Guid(870648bccd110f12a000e6888f962b59) Importer(815301076,1909f56bfc062723c751e8b465ee728b)
Start importing Assets/Terrain Assets/Bushes using Guid(870648bccd110f12a000e6888f962b59) Importer(815301076,1909f56bfc062723c751e8b465ee728b)  -> (artifact id: '28d5800014ddf5b64ca9717eb3dce2bf') in 0.000297 seconds
Number of updated asset objects reloaded before import = 0
Number of asset objects unloaded after import = 0
========================================================================
Received Import Request.
  Time since last request: 0.086918 seconds.
  path: Assets/Terrain Assets/Bushes/Bush1.fbx
  artifactKey: Guid(5ca99170bd118bca11002b7b44295342) Importer(815301076,1909f56bfc062723c751e8b465ee728b)
Start importing Assets/Terrain Assets/Bushes/Bush1.fbx using Guid(5ca99170bd118bca11002b7b44295342) Importer(815301076,1909f56bfc062723c751e8b465ee728b)  -> (artifact id: '3d38d1dfad76ee9d14723fddb72ba4e7') in 0.107435 seconds
Number of updated asset objects reloaded before import = 0
Number of asset objects unloaded after import = 10
========================================================================
Received Import Request.
  Time since last request: 0.000050 seconds.
  path: Assets/Terrain Assets/Bushes/Bush4.fbx
  artifactKey: Guid(ce49fdf7bd118bca11002b7b44295342) Importer(815301076,1909f56bfc062723c751e8b465ee728b)
Start importing Assets/Terrain Assets/Bushes/Bush4.fbx using Guid(ce49fdf7bd118bca11002b7b44295342) Importer(815301076,1909f56bfc062723c751e8b465ee728b)  -> (artifact id: '8817f43132ed2d2dcd6ffeb81321a1b5') in 0.005848 seconds
Number of updated asset objects reloaded before import = 0
Number of asset objects unloaded after import = 10
========================================================================
Received Import Request.
  Time since last request: 0.000025 seconds.
  path: Assets/Terrain Assets/Bushes/Fern.fbx
  artifactKey: Guid(d30e71206f8164182a5ebaecb3afdb5f) Importer(815301076,1909f56bfc062723c751e8b465ee728b)
Start importing Assets/Terrain Assets/Bushes/Fern.fbx using Guid(d30e71206f8164182a5ebaecb3afdb5f) Importer(815301076,1909f56bfc062723c751e8b465ee728b)  -> (artifact id: 'ee5f76165af04df2adabb29dbc0bfce2') in 0.022269 seconds
Number of updated asset objects reloaded before import = 0
Number of asset objects unloaded after import = 10
========================================================================
Received Import Request.
  Time since last request: 0.000027 seconds.
  path: Assets/Terrain Assets/Bushes/Bush6LowPoly.fbx
  artifactKey: Guid(ce276d4bbd118bca11002b7b44295342) Importer(815301076,1909f56bfc062723c751e8b465ee728b)
Start importing Assets/Terrain Assets/Bushes/Bush6LowPoly.fbx using Guid(ce276d4bbd118bca11002b7b44295342) Importer(815301076,1909f56bfc062723c751e8b465ee728b)  -> (artifact id: '5e9a4db719d90e18e5d44aa71a011bc9') in 0.005818 seconds
Number of updated asset objects reloaded before import = 0
Number of asset objects unloaded after import = 10
========================================================================
Received Import Request.
  Time since last request: 23.890789 seconds.
  path: Assets/Scenes/SampleScene.unity
  artifactKey: Guid(dbe6b914e633142078b427e9e0ad79fe) Importer(815301076,1909f56bfc062723c751e8b465ee728b)
Start importing Assets/Scenes/SampleScene.unity using Guid(dbe6b914e633142078b427e9e0ad79fe) Importer(815301076,1909f56bfc062723c751e8b465ee728b)  -> (artifact id: 'c778780c82d431d10cd01766bcbab38a') in 0.000520 seconds
Number of updated asset objects reloaded before import = 0
Number of asset objects unloaded after import = 0
========================================================================
Received Import Request.
  Time since last request: 2.112816 seconds.
  path: Assets/Scenes/Terrain.unity
  artifactKey: Guid(9fc0d4010bbf28b4594072e72b8655ab) Importer(815301076,1909f56bfc062723c751e8b465ee728b)
Start importing Assets/Scenes/Terrain.unity using Guid(9fc0d4010bbf28b4594072e72b8655ab) Importer(815301076,1909f56bfc062723c751e8b465ee728b)  -> (artifact id: 'b4af4c7eebd8c344a86e10ce039b2c38') in 0.000888 seconds
Number of updated asset objects reloaded before import = 0
Number of asset objects unloaded after import = 0
========================================================================
Received Import Request.
  Time since last request: 227.674894 seconds.
  path: Assets/Terrain Assets/Trees Ambient-Occlusion
  artifactKey: Guid(811258bccd110f12a000e6888f962b59) Importer(815301076,1909f56bfc062723c751e8b465ee728b)
Start importing Assets/Terrain Assets/Trees Ambient-Occlusion using Guid(811258bccd110f12a000e6888f962b59) Importer(815301076,1909f56bfc062723c751e8b465ee728b)  -> (artifact id: 'ec2a01b53b1e02e4d87a1d9739b5726c') in 0.000537 seconds
Number of updated asset objects reloaded before import = 0
Number of asset objects unloaded after import = 0
========================================================================
Received Import Request.
  Time since last request: 0.061229 seconds.
  path: Assets/Terrain Assets/Trees Ambient-Occlusion/Alder.fbx
  artifactKey: Guid(25fa881dbd110e38a00062d88f962b59) Importer(815301076,1909f56bfc062723c751e8b465ee728b)
Start importing Assets/Terrain Assets/Trees Ambient-Occlusion/Alder.fbx using Guid(25fa881dbd110e38a00062d88f962b59) Importer(815301076,1909f56bfc062723c751e8b465ee728b)  -> (artifact id: '3d901d21a0e708f5bd7200a66d5866a1') in 0.240033 seconds
Number of updated asset objects reloaded before import = 0
Number of asset objects unloaded after import = 12
========================================================================
Received Import Request.
  Time since last request: 0.000028 seconds.
  path: Assets/Terrain Assets/Trees Ambient-Occlusion/JapaneseMaple.fbx
  artifactKey: Guid(8c7d35afbd119bca11002b7b44295342) Importer(815301076,1909f56bfc062723c751e8b465ee728b)
Start importing Assets/Terrain Assets/Trees Ambient-Occlusion/JapaneseMaple.fbx using Guid(8c7d35afbd119bca11002b7b44295342) Importer(815301076,1909f56bfc062723c751e8b465ee728b)  -> (artifact id: '6f03d1a9893f0925581bf1a6ee0ff730') in 0.006052 seconds
Number of updated asset objects reloaded before import = 0
Number of asset objects unloaded after import = 12
========================================================================
Received Import Request.
  Time since last request: 0.000026 seconds.
  path: Assets/Terrain Assets/Trees Ambient-Occlusion/ScotsPineTypeB.fbx
  artifactKey: Guid(8d302a31bd1113061100b7a844295342) Importer(815301076,1909f56bfc062723c751e8b465ee728b)
Start importing Assets/Terrain Assets/Trees Ambient-Occlusion/ScotsPineTypeB.fbx using Guid(8d302a31bd1113061100b7a844295342) Importer(815301076,1909f56bfc062723c751e8b465ee728b)  -> (artifact id: '6908fbc701c705118a12cb9cc61f4aeb') in 0.006917 seconds
Number of updated asset objects reloaded before import = 0
Number of asset objects unloaded after import = 12
========================================================================
Received Import Request.
  Time since last request: 0.000037 seconds.
  path: Assets/Terrain Assets/Trees Ambient-Occlusion/ScotsPineTypeA.fbx
  artifactKey: Guid(43202a31bd1113061100b7a844295342) Importer(815301076,1909f56bfc062723c751e8b465ee728b)
Start importing Assets/Terrain Assets/Trees Ambient-Occlusion/ScotsPineTypeA.fbx using Guid(43202a31bd1113061100b7a844295342) Importer(815301076,1909f56bfc062723c751e8b465ee728b)  -> (artifact id: 'e5bb4794f0c6e80ebe848e1ce24e95a8') in 0.006017 seconds
Number of updated asset objects reloaded before import = 0
Number of asset objects unloaded after import = 12
========================================================================
Received Import Request.
  Time since last request: 0.000027 seconds.
  path: Assets/Terrain Assets/Trees Ambient-Occlusion/BananaPlant.fbx
  artifactKey: Guid(21e1dddb280f946a3b1555bb9d691e43) Importer(815301076,1909f56bfc062723c751e8b465ee728b)
Start importing Assets/Terrain Assets/Trees Ambient-Occlusion/BananaPlant.fbx using Guid(21e1dddb280f946a3b1555bb9d691e43) Importer(815301076,1909f56bfc062723c751e8b465ee728b)  -> (artifact id: '3a61a284e43966adff15b49e062f26c8') in 0.022499 seconds
Number of updated asset objects reloaded before import = 0
Number of asset objects unloaded after import = 10
========================================================================
Received Import Request.
  Time since last request: 0.000030 seconds.
  path: Assets/Terrain Assets/Trees Ambient-Occlusion/Palm.fbx
  artifactKey: Guid(02e48269f8d554fbca75435761452392) Importer(815301076,1909f56bfc062723c751e8b465ee728b)
Start importing Assets/Terrain Assets/Trees Ambient-Occlusion/Palm.fbx using Guid(02e48269f8d554fbca75435761452392) Importer(815301076,1909f56bfc062723c751e8b465ee728b)  -> (artifact id: 'dbbbae9a6c588d32ced84d57d1516475') in 0.014756 seconds
Number of updated asset objects reloaded before import = 0
Number of asset objects unloaded after import = 12
